0 info it worked if it ends with ok
1 verbose cli [ 'node',
1 verbose cli   'C:\\Users\\trampas\\AppData\\Roaming\\npm\\node_modules\\npm\\bin\\npm-cli.js',
1 verbose cli   'test' ]
2 info using npm@2.7.3
3 info using node@v0.12.1
4 verbose stack Error: Failed to parse json
4 verbose stack Unexpected token '/' at 7:2
4 verbose stack 	//"test": "NODE_ENV=development nodemon ./bin/www"
4 verbose stack 	^
4 verbose stack     at parseError (C:\Users\trampas\AppData\Roaming\npm\node_modules\npm\node_modules\read-package-json\read-json.js:406:25)
4 verbose stack     at parseJson (C:\Users\trampas\AppData\Roaming\npm\node_modules\npm\node_modules\read-package-json\read-json.js:86:51)
4 verbose stack     at C:\Users\trampas\AppData\Roaming\npm\node_modules\npm\node_modules\read-package-json\read-json.js:60:33
4 verbose stack     at evalmachine.<anonymous>:336:14
4 verbose stack     at C:\Users\trampas\AppData\Roaming\npm\node_modules\npm\node_modules\graceful-fs\graceful-fs.js:102:5
4 verbose stack     at FSReqWrap.oncomplete (evalmachine.<anonymous>:99:15)
5 verbose cwd C:\!projects\scaffspa\server
6 error Windows_NT 6.1.7601
7 error argv "node" "C:\\Users\\trampas\\AppData\\Roaming\\npm\\node_modules\\npm\\bin\\npm-cli.js" "test"
8 error node v0.12.1
9 error npm  v2.7.3
10 error file C:\!projects\scaffspa\server\package.json
11 error code EJSONPARSE
12 error Failed to parse json
12 error Unexpected token '/' at 7:2
12 error 	//"test": "NODE_ENV=development nodemon ./bin/www"
12 error 	^
13 error File: C:\!projects\scaffspa\server\package.json
14 error Failed to parse package.json data.
14 error package.json must be actual JSON, not just JavaScript.
14 error
14 error This is not a bug in npm.
14 error Tell the package author to fix their package.json file. JSON.parse
15 verbose exit [ 1, true ]
